<?xml version="1.0" encoding="UTF-8"?>
<testng-results skipped="0" failed="0" total="1" passed="1">
  <reporter-output>
  </reporter-output>
  <suite name="Suite1" duration-ms="35358" started-at="2014-03-29T04:36:35Z" finished-at="2014-03-29T04:37:11Z">
    <groups>
    </groups>
    <test name="example" duration-ms="35358" started-at="2014-03-29T04:36:35Z" finished-at="2014-03-29T04:37:11Z">
      <class name="qa.test.JQueryTest">
        <test-method status="PASS" signature="runTest()[pri:0, instance:qa.test.JQueryTest@3866ee93]" name="runTest" duration-ms="35351" started-at="2014-03-28T21:36:35Z" finished-at="2014-03-28T21:37:11Z">
          <reporter-output>
          </reporter-output>
        </test-method> <!-- runTest -->
      </class> <!-- qa.test.JQueryTest -->
    </test> <!-- example -->
  </suite> <!-- Suite1 -->
</testng-results>
